#
# There is insufficient memory for the Java Runtime Environment to continue.
# Native memory allocation (mmap) failed to map 134217728 bytes for Failed to commit area from 0x0000000081c00000 to 0x0000000089c00000 of length 134217728.
# Possible reasons:
#   The system is out of physical RAM or swap space
#   The process is running with CompressedOops enabled, and the Java Heap may be blocking the growth of the native heap
# Possible solutions:
#   Reduce memory load on the system
#   Increase physical memory or swap space
#   Check if swap backing store is full
#   Decrease Java heap size (-Xmx/-Xms)
#   Decrease number of Java threads
#   Decrease Java thread stack sizes (-Xss)
#   Set larger code cache with -XX:ReservedCodeCacheSize=
# This output file may be truncated or incomplete.
#
#  Out of Memory Error (./open/src/hotspot/os/windows/os_windows.cpp:3275), pid=37960, tid=32212
#
# JRE version:  (11.0.9+7) (build )
# Java VM: Java HotSpot(TM) 64-Bit Server VM (11.0.9+7-LTS, mixed mode, sharing, tiered, compressed oops, g1 gc, windows-amd64)
# No core dump will be written. Minidumps are not enabled by default on client versions of Windows
#

---------------  S U M M A R Y ------------

Command Line: -Dfile.encoding=Cp1252 MidPointLine

Host: Intel(R) Core(TM) i5-8250U CPU @ 1.60GHz, 8 cores, 7G,  Windows 10 , 64 bit Build 19041 (10.0.19041.804)
Time: Wed Apr 14 18:23:35 2021 Bangladesh Standard Time elapsed time: 0.026160 seconds (0d 0h 0m 0s)

---------------  T H R E A D  ---------------

Current thread (0x000002303fe48000):  JavaThread "Unknown thread" [_thread_in_vm, id=32212, stack(0x0000009f97000000,0x0000009f97100000)]

Stack: [0x0000009f97000000,0x0000009f97100000]
Native frames: (J=compiled Java code, j=interpreted, Vv=VM code, C=native code)
V  [jvm.dll+0x611a3a]
V  [jvm.dll+0x748aaf]
V  [jvm.dll+0x74a135]
V  [jvm.dll+0x74a7b3]
V  [jvm.dll+0x2439f8]
V  [jvm.dll+0x60eeda]
V  [jvm.dll+0x603de5]
V  [jvm.dll+0x2f785c]
V  [jvm.dll+0x2f76e2]
V  [jvm.dll+0x2fc396]
V  [jvm.dll+0x33e1df]
V  [jvm.dll+0x33dc10]
V  [jvm.dll+0x2d5aa8]
V  [jvm.dll+0x2d6c06]
V  [jvm.dll+0x724927]
V  [jvm.dll+0x7261cf]
V  [jvm.dll+0x34af59]
V  [jvm.dll+0x70a4a0]
V  [jvm.dll+0x3b415f]
V  [jvm.dll+0x3b6201]
C  [jli.dll+0x520b]
C  [ucrtbase.dll+0x21bb2]
C  [KERNEL32.DLL+0x17034]
C  [ntdll.dll+0x52651]


---------------  P R O C E S S  ---------------

Threads class SMR info:
_java_thread_list=0x000002303fd1fbc0, length=0, elements={
}

Java Threads: ( => current thread )

Other Threads:
  0x000002303fe59800 GCTaskThread "GC Thread#0" [stack: 0x0000009f97100000,0x0000009f97200000] [id=3572]
  0x000002303fe8c800 ConcurrentGCThread "G1 Main Marker" [stack: 0x0000009f97200000,0x0000009f97300000] [id=6464]
  0x000002303fe8d800 ConcurrentGCThread "G1 Conc#0" [stack: 0x0000009f97300000,0x0000009f97400000] [id=5924]

[error occurred during error reporting (printing all threads), id 0xc0000005, EXCEPTION_ACCESS_VIOLATION (0xc0000005) at pc=0x00007ffe21db42a7]

VM state:not at safepoint (not fully initialized)

VM Mutex/Monitor currently owned by a thread:  ([mutex/lock_event])
[0x000002303fe44090] Heap_lock - owner thread: 0x000002303fe48000

Heap address: 0x0000000081c00000, size: 2020 MB, Compressed Oops mode: Non-zero based: 0x0000000081c00000
Narrow klass base: 0x0000000000000000, Narrow klass shift: 0

GC Heap History (0 events):
No events

Deoptimization events (0 events):
No events

Classes redefined (0 events):
No events

Internal exceptions (0 events):
No events

Events (0 events):
No events


Dynamic libraries:
0x00007ff7272f0000 - 0x00007ff7272ff000 	C:\Program Files\Java\jdk-11.0.9\bin\javaw.exe
0x00007ffe7f8d0000 - 0x00007ffe7fac5000 	C:\WINDOWS\SYSTEM32\ntdll.dll
0x00007ffe7f070000 - 0x00007ffe7f12d000 	C:\WINDOWS\System32\KERNEL32.DLL
0x00007ffe7d370000 - 0x00007ffe7d639000 	C:\WINDOWS\System32\KERNELBASE.dll
0x00007ffe7d240000 - 0x00007ffe7d340000 	C:\WINDOWS\System32\ucrtbase.dll
0x00007ffe7a6a0000 - 0x00007ffe7a6b5000 	C:\Program Files\Java\jdk-11.0.9\bin\VCRUNTIME140.dll
0x00007ffe6f3a0000 - 0x00007ffe6f3b8000 	C:\Program Files\Java\jdk-11.0.9\bin\jli.dll
0x00007ffe7f130000 - 0x00007ffe7f1dc000 	C:\WINDOWS\System32\ADVAPI32.dll
0x00007ffe7e2a0000 - 0x00007ffe7e33e000 	C:\WINDOWS\System32\msvcrt.dll
0x00007ffe7f640000 - 0x00007ffe7f6dc000 	C:\WINDOWS\System32\sechost.dll
0x00007ffe7f380000 - 0x00007ffe7f4ab000 	C:\WINDOWS\System32\RPCRT4.dll
0x00007ffe7f6e0000 - 0x00007ffe7f880000 	C:\WINDOWS\System32\USER32.dll
0x00007ffe73fb0000 - 0x00007ffe7424a000 	C:\WINDOWS\WinSxS\amd64_microsoft.windows.common-controls_6595b64144ccf1df_6.0.19041.844_none_ca00b6081b84eb1d\COMCTL32.dll
0x00007ffe7d340000 - 0x00007ffe7d362000 	C:\WINDOWS\System32\win32u.dll
0x00007ffe7e210000 - 0x00007ffe7e23a000 	C:\WINDOWS\System32\GDI32.dll
0x00007ffe7d780000 - 0x00007ffe7d88b000 	C:\WINDOWS\System32\gdi32full.dll
0x00007ffe74800000 - 0x00007ffe7480a000 	C:\WINDOWS\SYSTEM32\VERSION.dll
0x00007ffe7d890000 - 0x00007ffe7d92d000 	C:\WINDOWS\System32\msvcp_win.dll
0x00007ffe7d9c0000 - 0x00007ffe7d9f0000 	C:\WINDOWS\System32\IMM32.DLL
0x00007ffe6f300000 - 0x00007ffe6f39b000 	C:\Program Files\Java\jdk-11.0.9\bin\msvcp140.dll
0x00007ffe21ad0000 - 0x00007ffe225c7000 	C:\Program Files\Java\jdk-11.0.9\bin\server\jvm.dll
0x00007ffe7f1e0000 - 0x00007ffe7f1e8000 	C:\WINDOWS\System32\PSAPI.DLL
0x00007ffe6a010000 - 0x00007ffe6a019000 	C:\WINDOWS\SYSTEM32\WSOCK32.dll
0x00007ffe6cbe0000 - 0x00007ffe6cc07000 	C:\WINDOWS\SYSTEM32\WINMM.dll
0x00007ffe7f000000 - 0x00007ffe7f06b000 	C:\WINDOWS\System32\WS2_32.dll
0x00007ffe7b110000 - 0x00007ffe7b122000 	C:\WINDOWS\SYSTEM32\kernel.appcore.dll
0x00007ffe76600000 - 0x00007ffe76610000 	C:\Program Files\Java\jdk-11.0.9\bin\verify.dll
0x00007ffe7acd0000 - 0x00007ffe7aeb4000 	C:\WINDOWS\SYSTEM32\DBGHELP.DLL
0x00007ffe71d90000 - 0x00007ffe71dbc000 	C:\WINDOWS\SYSTEM32\dbgcore.DLL
0x00007ffe7d060000 - 0x00007ffe7d0e0000 	C:\WINDOWS\System32\bcryptPrimitives.dll
0x00007ffe6ed90000 - 0x00007ffe6edb8000 	C:\Program Files\Java\jdk-11.0.9\bin\java.dll
0x00007ffe71e30000 - 0x00007ffe71e3a000 	C:\Program Files\Java\jdk-11.0.9\bin\jimage.dll
0x00007ffe6f190000 - 0x00007ffe6f1a6000 	C:\Program Files\Java\jdk-11.0.9\bin\zip.dll

dbghelp: loaded successfully - version: 4.0.5 - missing functions: none
symbol engine: initialized successfully - sym options: 0x614 - pdb path: .;C:\Program Files\Java\jdk-11.0.9\bin;C:\WINDOWS\SYSTEM32;C:\WINDOWS\WinSxS\amd64_microsoft.windows.common-controls_6595b64144ccf1df_6.0.19041.844_none_ca00b6081b84eb1d;C:\Program Files\Java\jdk-11.0.9\bin\server

VM Arguments:
jvm_args: -Dfile.encoding=Cp1252 
java_command: MidPointLine
java_class_path (initial): C:\Users\HP\Desktop\Spring 21\423\lab\423_midPointLine(lab 03 original)\bin;C:\Users\HP\Desktop\Spring 21\423\lab\JOGL libraries\gluegen-rt.jar;C:\Users\HP\Desktop\Spring 21\423\lab\JOGL libraries\gluegen-rt-natives-windows-amd64.jar;C:\Users\HP\Desktop\Spring 21\423\lab\JOGL libraries\jogl-all.jar;C:\Users\HP\Desktop\Spring 21\423\lab\JOGL libraries\jogl-all-natives-windows-amd64.jar
Launcher Type: SUN_STANDARD

[Global flags]
     intx CICompilerCount                          = 4                                         {product} {ergonomic}
     uint ConcGCThreads                            = 2                                         {product} {ergonomic}
     uint G1ConcRefinementThreads                  = 8                                         {product} {ergonomic}
   size_t G1HeapRegionSize                         = 1048576                                   {product} {ergonomic}
    uintx GCDrainStackTargetSize                   = 64                                        {product} {ergonomic}
   size_t InitialHeapSize                          = 134217728                                 {product} {ergonomic}
   size_t MarkStackSize                            = 4194304                                   {product} {ergonomic}
   size_t MaxHeapSize                              = 2118123520                                {product} {ergonomic}
   size_t MinHeapDeltaBytes                        = 1048576                                   {product} {ergonomic}
    uintx NonNMethodCodeHeapSize                   = 5836300                                {pd product} {ergonomic}
    uintx NonProfiledCodeHeapSize                  = 122910970                              {pd product} {ergonomic}
    uintx ProfiledCodeHeapSize                     = 122910970                              {pd product} {ergonomic}
    uintx ReservedCodeCacheSize                    = 251658240                              {pd product} {ergonomic}
     bool SegmentedCodeCache                       = true                                      {product} {ergonomic}
     bool UseCompressedClassPointers               = true                                 {lp64_product} {ergonomic}
     bool UseCompressedOops                        = true                                 {lp64_product} {ergonomic}
     bool UseG1GC                                  = true                                      {product} {ergonomic}
     bool UseLargePagesIndividualAllocation        = false                                  {pd product} {ergonomic}

Logging:
Log output configuration:
 #0: stdout all=warning uptime,level,tags
 #1: stderr all=off uptime,level,tags

Environment Variables:
PATH=C:\Program Files\Common Files\Oracle\Java\javapath;C:\ProgramData\Oracle\Java\javapath;C:\Program Files (x86)\Common Files\Oracle\Java\javapath;C:\ProgramData\Anaconda3;C:\ProgramData\Anaconda3\Library\mingw-w64\bin;C:\ProgramData\Anaconda3\Library\usr\bin;C:\ProgramData\Anaconda3\Library\bin;C:\ProgramData\Anaconda3\Scripts;C:\WINDOWS\system32;C:\WINDOWS;C:\WINDOWS\System32\Wbem;C:\WINDOWS\System32\WindowsPowerShell\v1.0\;C:\WINDOWS\System32\OpenSSH\;C:\Program Files\nodejs\;C:\Program Files\Git\cmd;C:\Android;C:\Windows\System32;C:\Users\HP\AppData\Local\Microsoft\WindowsApps;C:\Users\HP\AppData\Roaming\npm;C:\Users\HP\AppData\Local\Programs\Microsoft VS Code\bin;
USERNAME=HP
OS=Windows_NT
PROCESSOR_IDENTIFIER=Intel64 Family 6 Model 142 Stepping 10, GenuineIntel



---------------  S Y S T E M  ---------------

OS: Windows 10 , 64 bit Build 19041 (10.0.19041.804)
HyperV virtualization detected

CPU:total 8 (initial active 8) (4 cores per cpu, 2 threads per core) family 6 model 142 stepping 10, cmov, cx8, fxsr, mmx, sse, sse2, sse3, ssse3, sse4.1, sse4.2, popcnt, avx, avx2, aes, clmul, erms, 3dnowpref, lzcnt, ht, tsc, tscinvbit, bmi1, bmi2, adx, fma

Memory: 4k page, system-wide physical 8078M (411M free)
TotalPageFile size 32654M (AvailPageFile size 60M)
current process WorkingSet (physical memory assigned to process): 9M, peak: 9M
current process commit charge ("private bytes"): 60M, peak: 188M

vm_info: Java HotSpot(TM) 64-Bit Server VM (11.0.9+7-LTS) for windows-amd64 JRE (11.0.9+7-LTS), built on Sep 15 2020 16:47:03 by "mach5one" with MS VC++ 15.9 (VS2017)

END.
